#
# There is insufficient memory for the Java Runtime Environment to continue.
# Native memory allocation (malloc) failed to allocate 1048576 bytes for AllocateHeap
# Possible reasons:
#   The system is out of physical RAM or swap space
#   In 32 bit mode, the process size limit was hit
# Possible solutions:
#   Reduce memory load on the system
#   Increase physical memory or swap space
#   Check if swap backing store is full
#   Use 64 bit Java on a 64 bit OS
#   Decrease Java heap size (-Xmx/-Xms)
#   Decrease number of Java threads
#   Decrease Java thread stack sizes (-Xss)
#   Set larger code cache with -XX:ReservedCodeCacheSize=
# This output file may be truncated or incomplete.
#
#  Out of Memory Error (memory/allocation.inline.hpp:61), pid=59360, tid=0x000000000000e6d8
#
# JRE version:  (8.0_161-b12) (build )
# Java VM: Java HotSpot(TM) 64-Bit Server VM (25.161-b12 mixed mode windows-amd64 compressed oops)
# Failed to write core dump. Minidumps are not enabled by default on client versions of Windows
#

---------------  T H R E A D  ---------------

Current thread (0x000000000346e800):  JavaThread "Unknown thread" [_thread_in_vm, id=59096, stack(0x00000000032b0000,0x00000000033b0000)]

Stack: [0x00000000032b0000,0x00000000033b0000]
[error occurred during error reporting (printing stack bounds), id 0xc0000005]

Native frames: (J=compiled Java code, j=interpreted, Vv=VM code, C=native code)


---------------  P R O C E S S  ---------------

Java Threads: ( => current thread )

Other Threads:

=>0x000000000346e800 (exited) JavaThread "Unknown thread" [_thread_in_vm, id=59096, stack(0x00000000032b0000,0x00000000033b0000)]

VM state:not at safepoint (normal execution)

VM Mutex/Monitor currently owned by a thread: None

Heap:
 PSYoungGen      total 37888K, used 655K [0x00000000d6300000, 0x00000000d8d00000, 0x0000000100000000)
  eden space 32768K, 2% used [0x00000000d6300000,0x00000000d63a3d80,0x00000000d8300000)
  from space 5120K, 0% used [0x00000000d8800000,0x00000000d8800000,0x00000000d8d00000)
  to   space 5120K, 0% used [0x00000000d8300000,0x00000000d8300000,0x00000000d8800000)
 ParOldGen       total 86016K, used 0K [0x0000000082800000, 0x0000000087c00000, 0x00000000d6300000)
  object space 86016K, 0% used [0x0000000082800000,0x0000000082800000,0x0000000087c00000)
 Metaspace       used 770K, capacity 4480K, committed 4480K, reserved 1056768K
  class space    used 75K, capacity 384K, committed 384K, reserved 1048576K

Card table byte_map: [0x0000000012aa0000,0x0000000012e90000] byte_map_base: 0x000000001268c000

Marking Bits: (ParMarkBitMap*) 0x00000000756ff860
 Begin Bits: [0x0000000013930000, 0x0000000015890000)
 End Bits:   [0x0000000015890000, 0x00000000177f0000)

Polling page: 0x00000000033b0000

CodeCache: size=245760Kb used=328Kb max_used=328Kb free=245431Kb
 bounds [0x00000000036e0000, 0x0000000003950000, 0x00000000126e0000]
 total_blobs=58 nmethods=0 adapters=38
 compilation: enabled

Compilation events (0 events):
No events

GC Heap History (0 events):
No events

Deoptimization events (0 events):
No events

Classes redefined (0 events):
No events

Internal exceptions (0 events):
No events

Events (10 events):
Event: 0.074 loading class java/lang/Short
Event: 0.074 loading class java/lang/Short done
Event: 0.074 loading class java/lang/Integer
Event: 0.075 loading class java/lang/Integer done
Event: 0.075 loading class java/lang/Long
Event: 0.075 loading class java/lang/Long done
Event: 0.079 loading class java/lang/NullPointerException
Event: 0.079 loading class java/lang/NullPointerException done
Event: 0.079 loading class java/lang/ArithmeticException
Event: 0.079 loading class java/lang/ArithmeticException done


Dynamic libraries:
0x00007ff603150000 - 0x00007ff603187000 	C:\Program Files\Java\jdk1.8.0_161\bin\java.exe
0x00007ff8ec350000 - 0x00007ff8ec546000 	C:\WINDOWS\SYSTEM32\ntdll.dll
0x00007ff8eb850000 - 0x00007ff8eb90d000 	C:\WINDOWS\System32\KERNEL32.DLL
0x00007ff8e9eb0000 - 0x00007ff8ea179000 	C:\WINDOWS\System32\KERNELBASE.dll
0x00007ff8eb3d0000 - 0x00007ff8eb47c000 	C:\WINDOWS\System32\ADVAPI32.dll
0x00007ff8eb910000 - 0x00007ff8eb9ae000 	C:\WINDOWS\System32\msvcrt.dll
0x00007ff8eb330000 - 0x00007ff8eb3cc000 	C:\WINDOWS\System32\sechost.dll
0x00007ff8eb170000 - 0x00007ff8eb29b000 	C:\WINDOWS\System32\RPCRT4.dll
0x00007ff8eab40000 - 0x00007ff8eace0000 	C:\WINDOWS\System32\USER32.dll
0x00007ff8e9e80000 - 0x00007ff8e9ea2000 	C:\WINDOWS\System32\win32u.dll
0x00007ff8eb2a0000 - 0x00007ff8eb2ca000 	C:\WINDOWS\System32\GDI32.dll
0x00007ff8e9a90000 - 0x00007ff8e9b99000 	C:\WINDOWS\System32\gdi32full.dll
0x00007ff8e9c20000 - 0x00007ff8e9cbd000 	C:\WINDOWS\System32\msvcp_win.dll
0x00007ff8ea260000 - 0x00007ff8ea360000 	C:\WINDOWS\System32\ucrtbase.dll
0x00007ff8d29f0000 - 0x00007ff8d2c8b000 	C:\WINDOWS\WinSxS\amd64_microsoft.windows.common-controls_6595b64144ccf1df_6.0.19041.488_none_ca04af081b815d21\COMCTL32.dll
0x00007ff8eb140000 - 0x00007ff8eb170000 	C:\WINDOWS\System32\IMM32.DLL
0x0000000075780000 - 0x0000000075852000 	C:\Program Files\Java\jdk1.8.0_161\jre\bin\msvcr100.dll
0x0000000074ee0000 - 0x000000007577f000 	C:\Program Files\Java\jdk1.8.0_161\jre\bin\server\jvm.dll
0x00007ff8eab30000 - 0x00007ff8eab38000 	C:\WINDOWS\System32\PSAPI.DLL
0x00007ff8d6a50000 - 0x00007ff8d6a77000 	C:\WINDOWS\SYSTEM32\WINMM.dll
0x00007ff8e2ad0000 - 0x00007ff8e2ada000 	C:\WINDOWS\SYSTEM32\VERSION.dll
0x00007ff8d5fd0000 - 0x00007ff8d5fd9000 	C:\WINDOWS\SYSTEM32\WSOCK32.dll
0x00007ff8eb0d0000 - 0x00007ff8eb13b000 	C:\WINDOWS\System32\ws2_32.DLL
0x0000000075920000 - 0x000000007592f000 	C:\Program Files\Java\jdk1.8.0_161\jre\bin\verify.dll
0x00000000758f0000 - 0x0000000075919000 	C:\Program Files\Java\jdk1.8.0_161\jre\bin\java.dll
0x00000000758c0000 - 0x00000000758e3000 	C:\Program Files\Java\jdk1.8.0_161\jre\bin\instrument.dll
0x00000000758a0000 - 0x00000000758b6000 	C:\Program Files\Java\jdk1.8.0_161\jre\bin\zip.dll

VM Arguments:
jvm_args: -Dmaven.multiModuleProjectDirectory=C:\Users\13414\IdeaProjects\foodie-dev -Dmaven.home=D:\developer_tools\IntelliJ IDEA 2019.3.3\plugins\maven\lib\maven3 -Dclassworlds.conf=D:\developer_tools\IntelliJ IDEA 2019.3.3\plugins\maven\lib\maven3\bin\m2.conf -Dmaven.ext.class.path=D:\developer_tools\IntelliJ IDEA 2019.3.3\plugins\maven\lib\maven-event-listener.jar -javaagent:D:\developer_tools\IntelliJ IDEA 2019.3.3\lib\idea_rt.jar=9951:D:\developer_tools\IntelliJ IDEA 2019.3.3\bin -Dfile.encoding=UTF-8 
java_command: org.codehaus.classworlds.Launcher -Didea.version2019.3.3 install
java_class_path (initial): D:\developer_tools\IntelliJ IDEA 2019.3.3\plugins\maven\lib\maven3\boot\plexus-classworlds-2.6.0.jar;D:\developer_tools\IntelliJ IDEA 2019.3.3\lib\idea_rt.jar
Launcher Type: SUN_STANDARD

Environment Variables:
JAVA_HOME=C:\Program Files\Java\jdk1.8.0_161
CLASSPATH=.;C:\Program Files\Java\jdk1.8.0_161\lib;C:\Program Files\Java\jdk1.8.0_161\lib\tools.jar
PATH=C:\WINDOWS\system32;C:\WINDOWS;C:\WINDOWS\System32\Wbem;C:\WINDOWS\system32\cmd.exe;C:\Program Files\Java\jdk1.8.0_161\bin;C:\Program Files\Java\jdk1.8.0_161\jre\bin;D:\developer_tools\Git\Git\cmd;D:\developer_tools\node-v10.15.3-x64\;D:\developer_tools\MongoDB\Server\3.2\bin;C:\Program Files (x86)\NVIDIA Corporation\PhysX\Common;C:\Program Files\NVIDIA Corporation\NVIDIA NvDLISR;D:\phpstudy_pro\Extensions\php\php7.3.4nts;C:\ProgramData\ComposerSetup\bin;C:\Program Files (x86)\Intel\Intel(R) Management Engine Components\DAL;C:\Program Files\Intel\Intel(R) Management Engine Components\DAL;C:\WINDOWS\system32;C:\WINDOWS;C:\WINDOWS\System32\Wbem;C:\WINDOWS\System32\WindowsPowerShell\v1.0\;C:\WINDOWS\System32\OpenSSH\;C:\Program Files\Intel\WiFi\bin\;C:\Program Files\Common Files\Intel\WirelessCommon\;C:\Program Files\MySQL\MySQL Server 5.7\bin;D:\developer_tools\gradle-6.0.1\bin;D:\developer_tools\protoc-3.3.0-win32\bin;D:\developer_tools\Thrift;D:\developer_tools\apache-maven-3.0.5\bin;C:\Program Files\Microsoft SQL Server\130\Tools\Binn\;D:\developer_tools\MinGW\bin;C:\Users\13414\AppData\Local\Microsoft\WindowsApps;D:\developer_tools\WebStorm-2018.3.5\WebStorm 2018.3.5\bin;C:\Users\13414\AppData\Roaming\npm;C:\Users\13414\AppData\Roaming\Composer\vendor\bin;D:\developer_tools\phpstudy_pro\Extensions\php\php7.3.4nts;C:\Program Files\MySQL\MySQL Server 5.7\bin;D:\developer_tools\protoc-3.3.0-win32\bin;D:\developer_tools\gradle-2.13\bin;C:\Program Files\Java\jdk1.8.0_161\bin;C:\Users\13414\AppData\Local\Microsoft\WindowsApps;;D:\developer_tools\CLion 2019.3.3\bin;
USERNAME=13414
OS=Windows_NT
PROCESSOR_IDENTIFIER=Intel64 Family 6 Model 142 Stepping 10, GenuineIntel



---------------  S Y S T E M  ---------------

OS: Windows 10.0 , 64 bit Build 19041 (10.0.19041.662)

CPU:total 8 (initial active 8) (4 cores per cpu, 2 threads per core) family 6 model 142 stepping 10, cmov, cx8, fxsr, mmx, sse, sse2, sse3, ssse3, sse4.1, sse4.2, popcnt, avx, avx2, aes, clmul, erms, 3dnowpref, lzcnt, ht, tsc, tscinvbit, bmi1, bmi2, adx

Memory: 4k page, physical 8218492k(223428k free), swap 33384316k(5548k free)

vm_info: Java HotSpot(TM) 64-Bit Server VM (25.161-b12) for windows-amd64 JRE (1.8.0_161-b12), built on Dec 19 2017 17:52:25 by "java_re" with MS VC++ 10.0 (VS2010)

time: Sat Jan 09 13:26:51 2021
elapsed time: 0 seconds (0d 0h 0m 0s)

